## Footprint report - date 2025-05-18T10:43:42-0400
## Created by KiCad version 9.0.0
## Unit = mm, Angle = deg.

$BeginDESCRIPTION

$BOARD
upper_left_corner 13.495000 11.661750
lower_right_corner 37.120000 66.698250
$EndBOARD

$MODULE A1
footprint Module:Adafruit_Feather
attribut none
position 15.255000 20.130000  orientation 0.00
layer front
$PAD "1"
Shape Rect Layer both
position  0.000000  0.000000  size  1.600000  1.600000  orientation 180.00
drill  0.800000
shape_offset  0.000000  0.000000
$EndPAD
$PAD "2"
Shape Circle Layer both
position  0.000000  2.540000  size  1.600000  1.600000  orientation 180.00
drill  0.800000
shape_offset  0.000000  0.000000
$EndPAD
$PAD "3"
Shape Circle Layer both
position  0.000000  5.080000  size  1.600000  1.600000  orientation 180.00
drill  0.800000
shape_offset  0.000000  0.000000
$EndPAD
$PAD "4"
Shape Circle Layer both
position  0.000000  7.620000  size  1.600000  1.600000  orientation 180.00
drill  0.800000
shape_offset  0.000000  0.000000
$EndPAD
$PAD "5"
Shape Circle Layer both
position  0.000000 10.160000  size  1.600000  1.600000  orientation 180.00
drill  0.800000
shape_offset  0.000000  0.000000
$EndPAD
$PAD "6"
Shape Circle Layer both
position  0.000000 12.700000  size  1.600000  1.600000  orientation 180.00
drill  0.800000
shape_offset  0.000000  0.000000
$EndPAD
$PAD "7"
Shape Circle Layer both
position  0.000000 15.240000  size  1.600000  1.600000  orientation 180.00
drill  0.800000
shape_offset  0.000000  0.000000
$EndPAD
$PAD "8"
Shape Circle Layer both
position  0.000000 17.780000  size  1.600000  1.600000  orientation 180.00
drill  0.800000
shape_offset  0.000000  0.000000
$EndPAD
$PAD "9"
Shape Circle Layer both
position  0.000000 20.320000  size  1.600000  1.600000  orientation 180.00
drill  0.800000
shape_offset  0.000000  0.000000
$EndPAD
$PAD "10"
Shape Circle Layer both
position  0.000000 22.860000  size  1.600000  1.600000  orientation 180.00
drill  0.800000
shape_offset  0.000000  0.000000
$EndPAD
$PAD "11"
Shape Circle Layer both
position  0.000000 25.400000  size  1.600000  1.600000  orientation 180.00
drill  0.800000
shape_offset  0.000000  0.000000
$EndPAD
$PAD "12"
Shape Circle Layer both
position  0.000000 27.940000  size  1.600000  1.600000  orientation 180.00
drill  0.800000
shape_offset  0.000000  0.000000
$EndPAD
$PAD "13"
Shape Circle Layer both
position  0.000000 30.480000  size  1.600000  1.600000  orientation 180.00
drill  0.800000
shape_offset  0.000000  0.000000
$EndPAD
$PAD "14"
Shape Circle Layer both
position  0.000000 33.020000  size  1.600000  1.600000  orientation 180.00
drill  0.800000
shape_offset  0.000000  0.000000
$EndPAD
$PAD "15"
Shape Circle Layer both
position  0.000000 35.560000  size  1.600000  1.600000  orientation 180.00
drill  0.800000
shape_offset  0.000000  0.000000
$EndPAD
$PAD "16"
Shape Circle Layer both
position  0.000000 38.100000  size  1.600000  1.600000  orientation 180.00
drill  0.800000
shape_offset  0.000000  0.000000
$EndPAD
$PAD "17"
Shape Circle Layer both
position 20.320000 38.100000  size  1.600000  1.600000  orientation 180.00
drill  0.800000
shape_offset  0.000000  0.000000
$EndPAD
$PAD "18"
Shape Circle Layer both
position 20.320000 35.560000  size  1.600000  1.600000  orientation 180.00
drill  0.800000
shape_offset  0.000000  0.000000
$EndPAD
$PAD "19"
Shape Circle Layer both
position 20.320000 33.020000  size  1.600000  1.600000  orientation 180.00
drill  0.800000
shape_offset  0.000000  0.000000
$EndPAD
$PAD "20"
Shape Circle Layer both
position 20.320000 30.480000  size  1.600000  1.600000  orientation 180.00
drill  0.800000
shape_offset  0.000000  0.000000
$EndPAD
$PAD "21"
Shape Circle Layer both
position 20.320000 27.940000  size  1.600000  1.600000  orientation 180.00
drill  0.800000
shape_offset  0.000000  0.000000
$EndPAD
$PAD "22"
Shape Circle Layer both
position 20.320000 25.400000  size  1.600000  1.600000  orientation 180.00
drill  0.800000
shape_offset  0.000000  0.000000
$EndPAD
$PAD "23"
Shape Circle Layer both
position 20.320000 22.860000  size  1.600000  1.600000  orientation 180.00
drill  0.800000
shape_offset  0.000000  0.000000
$EndPAD
$PAD "24"
Shape Circle Layer both
position 20.320000 20.320000  size  1.600000  1.600000  orientation 180.00
drill  0.800000
shape_offset  0.000000  0.000000
$EndPAD
$PAD "25"
Shape Circle Layer both
position 20.320000 17.780000  size  1.600000  1.600000  orientation 180.00
drill  0.800000
shape_offset  0.000000  0.000000
$EndPAD
$PAD "26"
Shape Circle Layer both
position 20.320000 15.240000  size  1.600000  1.600000  orientation 180.00
drill  0.800000
shape_offset  0.000000  0.000000
$EndPAD
$PAD "27"
Shape Circle Layer both
position 20.320000 12.700000  size  1.600000  1.600000  orientation 180.00
drill  0.800000
shape_offset  0.000000  0.000000
$EndPAD
$PAD "28"
Shape Circle Layer both
position 20.320000 10.160000  size  1.600000  1.600000  orientation 180.00
drill  0.800000
shape_offset  0.000000  0.000000
$EndPAD
$EndMODULE  A1

$MODULE J1
footprint Connector_JST:JST_SHL_SM06B-SHLS-TF_1x06-1MP_P1.00mm_Horizontal
attribut smd
position 25.260000 60.960000  orientation 0.00
layer front
$PAD "1"
Shape Roundrect Layer front
position -2.500000 -1.675000  size  0.600000  1.250000  orientation 0.00
drill  0.000000
shape_offset  0.000000  0.000000
$EndPAD
$PAD "2"
Shape Roundrect Layer front
position -1.500000 -1.675000  size  0.600000  1.250000  orientation 0.00
drill  0.000000
shape_offset  0.000000  0.000000
$EndPAD
$PAD "3"
Shape Roundrect Layer front
position -0.500000 -1.675000  size  0.600000  1.250000  orientation 0.00
drill  0.000000
shape_offset  0.000000  0.000000
$EndPAD
$PAD "4"
Shape Roundrect Layer front
position  0.500000 -1.675000  size  0.600000  1.250000  orientation 0.00
drill  0.000000
shape_offset  0.000000  0.000000
$EndPAD
$PAD "5"
Shape Roundrect Layer front
position  1.500000 -1.675000  size  0.600000  1.250000  orientation 0.00
drill  0.000000
shape_offset  0.000000  0.000000
$EndPAD
$PAD "6"
Shape Roundrect Layer front
position  2.500000 -1.675000  size  0.600000  1.250000  orientation 0.00
drill  0.000000
shape_offset  0.000000  0.000000
$EndPAD
$PAD "MP"
Shape Roundrect Layer front
position -3.950000  1.450000  size  0.900000  1.700000  orientation 0.00
drill  0.000000
shape_offset  0.000000  0.000000
$EndPAD
$PAD "MP"
Shape Roundrect Layer front
position  3.950000  1.450000  size  0.900000  1.700000  orientation 0.00
drill  0.000000
shape_offset  0.000000  0.000000
$EndPAD
$EndMODULE  J1

$MODULE R1
footprint Resistor_SMD:R_1206_3216Metric
attribut smd
position 26.670000 52.262500  orientation 90.00
layer front
$PAD "1"
Shape Roundrect Layer front
position -1.462500  0.000000  size  1.125000  1.750000  orientation 0.00
drill  0.000000
shape_offset  0.000000  0.000000
$EndPAD
$PAD "2"
Shape Roundrect Layer front
position  1.462500  0.000000  size  1.125000  1.750000  orientation 0.00
drill  0.000000
shape_offset  0.000000  0.000000
$EndPAD
$EndMODULE  R1

$MODULE R2
footprint Resistor_SMD:R_1206_3216Metric
attribut smd
position 24.130000 52.262500  orientation -90.00
layer front
$PAD "1"
Shape Roundrect Layer front
position -1.462500  0.000000  size  1.125000  1.750000  orientation 360.00
drill  0.000000
shape_offset  0.000000  0.000000
$EndPAD
$PAD "2"
Shape Roundrect Layer front
position  1.462500  0.000000  size  1.125000  1.750000  orientation 360.00
drill  0.000000
shape_offset  0.000000  0.000000
$EndPAD
$EndMODULE  R2

$EndDESCRIPTION
